./views/contents/client-search-view.php
login
login
./views/contents/home-view.php
./views/contents/client-list-view.php
./views/contents/client-search-view.php
./views/contents/client-search-view.php
./views/contents/client-search-view.php
login
login
./views/contents/home-view.php
./views/contents/user-list-view.php
./views/contents/user-update-view.php
login
login
./views/contents/home-view.php
./views/contents/user-list-view.php
./views/contents/user-update-view.php
login
login
./views/contents/home-view.php
./views/contents/user-list-view.php
./views/contents/user-update-view.php
login
login
login
login
login
login
login
login
login
./views/contents/home-view.php
./views/contents/client-list-view.php
404
./views/contents/client-list-view.php
./views/contents/reservation-new-view.php
./views/contents/user-list-view.php
./views/contents/user-update-view.php
./views/contents/user-list-view.php
./views/contents/user-update-view.php
./views/contents/user-update-view.php
./views/contents/client-list-view.php
./views/contents/client-update-view.php
./views/contents/client-update-view.php
./views/contents/client-list-view.php
./views/contents/client-list-view.php
./views/contents/client-update-view.php
./views/contents/client-list-view.php
./views/contents/client-update-view.php
